
                                DATE:  8/ 9/2007
                                  TIME: 13:43


                         LISREL 8.80 (STUDENT EDITION)

                                       BY

                         Karl G. J”reskog & Dag S”rbom



                    This program is published exclusively by
                    Scientific Software International, Inc.
                       7383 N. Lincoln Avenue, Suite 100
                        Lincolnwood, IL 60712, U.S.A. 
            Phone: (800)247-6113, (847)675-0720, Fax: (847)675-2140
        Copyright by Scientific Software International, Inc., 1981-2006 
          Use of this program is subject to the terms specified in the
                        Universal Copyright Convention.
                          Website: www.ssicentral.com

 The following lines were read from file C:\Documents and Settings\jbudden\Desktop\SIOP\ANALYSES\5-FACTOR ASIA.LS8:

 CFA
 DA NI=15 NO=335 MA=CM
 LA
 x1 x2 x3 x4 x5 x6 x7 x8 x9 x10 x11 x12 x13 x14 x15
 KM FU FI=ASIALISRELDATA.txt
 SD
 .673 .915 .777 .951 .762 .914 1.010 1.045 .657 1.097 1.167 .753 .805 .846 1.139
 SE
 1 3 2 4 6 8 11 5 7 9 10 12 13 14 15 /
 MO NX=15 NK=5 LX=FU,FI TD=DI,FR PH=SY,FR
 LK
 'JOB CONTENT' 'JOB PREDICTIVE' 'TESTING ENVIRONMENT' 'USABILITY' 'PREVIOUS JOB SEARCH'
 PA LX
 0 0 0 0 0
 1 0 0 0 0
 0 0 0 0 0
 0 1 0 0 0
 0 0 0 0 0
 0 0 1 0 0
 0 0 1 0 0
 0 0 0 0 0
 0 0 0 1 0
 0 0 0 1 0
 0 0 0 1 0
 0 0 0 1 0
 0 0 0 0 0
 0 0 0 0 1
 0 0 0 0 1
 VA 1.0 LX(1,1) LX(3,2) LX(5,3) LX(8,4) LX(13,5)
 PATH DIAGRAM
 OU ME=ML ND=3 SS

 CFA                                                                            

                           Number of Input Variables 15
                           Number of Y - Variables    0
                           Number of X - Variables   15
                           Number of ETA - Variables  0
                           Number of KSI - Variables  5
                           Number of Observations   335

 CFA                                                                            

         Covariance Matrix       

                  x1         x3         x2         x4         x6         x8   
            --------   --------   --------   --------   --------   --------
       x1      0.453
       x3      0.190      0.604
       x2      0.179      0.260      0.837
       x4      0.163      0.280      0.562      0.904
       x6      0.043      0.154      0.024      0.048      0.835
       x8      0.094      0.175      0.092      0.130      0.501      1.092
      x11      0.038      0.204      0.053      0.099      0.623      0.845
       x5      0.157      0.147      0.094      0.108      0.249      0.172
       x7      0.091      0.122      0.120      0.121      0.245      0.292
       x9      0.113      0.112      0.075      0.078      0.157      0.190
      x10      0.127      0.089     -0.003      0.015      0.351      0.324
      x12      0.100      0.095      0.072      0.034      0.268      0.275
      x13      0.121      0.069      0.069      0.056      0.052      0.076
      x14      0.104      0.080      0.114      0.096      0.073      0.086
      x15      0.054      0.173      0.154      0.169      0.231      0.299

         Covariance Matrix       

                 x11         x5         x7         x9        x10        x12   
            --------   --------   --------   --------   --------   --------
      x11      1.362
       x5      0.192      0.581
       x7      0.288      0.286      1.020
       x9      0.213      0.228      0.290      0.432
      x10      0.498      0.213      0.411      0.302      1.203
      x12      0.373      0.243      0.230      0.197      0.316      0.567
      x13      0.034      0.203      0.102      0.147      0.102      0.139
      x14      0.079      0.148      0.079      0.131      0.087      0.146
      x15      0.327      0.129      0.191      0.113      0.147      0.162

         Covariance Matrix       

                 x13        x14        x15   
            --------   --------   --------
      x13      0.648
      x14      0.511      0.716
      x15      0.390      0.407      1.297


 CFA                                                                            

 Parameter Specifications

         LAMBDA-X    

            JOB CONT   JOB PRED   TESTING    USABILIT   PREVIOUS
            --------   --------   --------   --------   --------
       x1          0          0          0          0          0
       x3          1          0          0          0          0
       x2          0          0          0          0          0
       x4          0          2          0          0          0
       x6          0          0          0          0          0
       x8          0          0          3          0          0
      x11          0          0          4          0          0
       x5          0          0          0          0          0
       x7          0          0          0          5          0
       x9          0          0          0          6          0
      x10          0          0          0          7          0
      x12          0          0          0          8          0
      x13          0          0          0          0          0
      x14          0          0          0          0          9
      x15          0          0          0          0         10

         PHI         

            JOB CONT   JOB PRED   TESTING    USABILIT   PREVIOUS
            --------   --------   --------   --------   --------
 JOB CONT         11
 JOB PRED         12         13
 TESTING          14         15         16
 USABILIT         17         18         19         20
 PREVIOUS         21         22         23         24         25

         THETA-DELTA 

                  x1         x3         x2         x4         x6         x8
            --------   --------   --------   --------   --------   --------
                  26         27         28         29         30         31

         THETA-DELTA 

                 x11         x5         x7         x9        x10        x12
            --------   --------   --------   --------   --------   --------
                  32         33         34         35         36         37

         THETA-DELTA 

                 x13        x14        x15
            --------   --------   --------
                  38         39         40
 


 CFA                                                                            

 Number of Iterations = 10

 LISREL Estimates (Maximum Likelihood)                           

         LAMBDA-X    

            JOB CONT   JOB PRED   TESTING    USABILIT   PREVIOUS   
            --------   --------   --------   --------   --------
       x1      1.000       - -        - -        - -        - - 
       x3      1.359       - -        - -        - -        - - 
             (0.198)
               6.866
       x2       - -       1.000       - -        - -        - - 
       x4       - -       1.011       - -        - -        - - 
                        (0.116)
                          8.692
       x6       - -        - -       1.000       - -        - - 
       x8       - -        - -       1.315       - -        - - 
                                   (0.108)
                                    12.234
      x11       - -        - -       1.599       - -        - - 
                                   (0.128)
                                    12.532
       x5       - -        - -        - -       1.000       - - 
       x7       - -        - -        - -       1.186       - - 
                                              (0.145)
                                                8.165
       x9       - -        - -        - -       0.949       - - 
                                              (0.100)
                                                9.466
      x10       - -        - -        - -       1.305       - - 
                                              (0.158)
                                                8.248
      x12       - -        - -        - -       1.017       - - 
                                              (0.112)
                                                9.057
      x13       - -        - -        - -        - -       1.000
      x14       - -        - -        - -        - -       0.992
                                                         (0.079)
                                                          12.619
      x15       - -        - -        - -        - -       0.777
                                                         (0.091)
                                                           8.551

         PHI         

            JOB CONT   JOB PRED   TESTING    USABILIT   PREVIOUS   
            --------   --------   --------   --------   --------
 JOB CONT      0.140
             (0.032)
               4.377
 JOB PRED      0.187      0.556
             (0.032)    (0.084)
               5.809      6.609
 TESTING       0.077      0.056      0.395
             (0.021)    (0.032)    (0.059)
               3.635      1.740      6.646
 USABILIT      0.092      0.070      0.181      0.228
             (0.019)    (0.026)    (0.028)    (0.040)
               4.804      2.666      6.372      5.703
 PREVIOUS      0.079      0.085      0.057      0.134      0.514
             (0.023)    (0.036)    (0.029)    (0.026)    (0.060)
               3.438      2.366      1.941      5.096      8.550

         THETA-DELTA 

                  x1         x3         x2         x4         x6         x8   
            --------   --------   --------   --------   --------   --------
               0.313      0.345      0.281      0.336      0.441      0.409
             (0.031)    (0.045)    (0.062)    (0.065)    (0.041)    (0.048)
              10.057      7.689      4.549      5.195     10.766      8.498

         THETA-DELTA 

                 x11         x5         x7         x9        x10        x12   
            --------   --------   --------   --------   --------   --------
               0.352      0.353      0.700      0.227      0.815      0.331
             (0.059)    (0.033)    (0.061)    (0.023)    (0.072)    (0.031)
               5.966     10.797     11.422      9.932     11.363     10.578

         THETA-DELTA 

                 x13        x14        x15   
            --------   --------   --------
               0.134      0.209      0.987
             (0.036)    (0.038)    (0.080)
               3.690      5.514     12.288

         Squared Multiple Correlations for X - Variables         

                  x1         x3         x2         x4         x6         x8   
            --------   --------   --------   --------   --------   --------
               0.309      0.428      0.664      0.629      0.473      0.625

         Squared Multiple Correlations for X - Variables         

                 x11         x5         x7         x9        x10        x12   
            --------   --------   --------   --------   --------   --------
               0.741      0.392      0.314      0.475      0.323      0.416

         Squared Multiple Correlations for X - Variables         

                 x13        x14        x15   
            --------   --------   --------
               0.793      0.708      0.239


                           Goodness of Fit Statistics

                             Degrees of Freedom = 80
               Minimum Fit Function Chi-Square = 185.462 (P = 0.00)
       Normal Theory Weighted Least Squares Chi-Square = 186.925 (P = 0.00)
                Estimated Non-centrality Parameter (NCP) = 106.925
           90 Percent Confidence Interval for NCP = (70.849 ; 150.715)
 
                        Minimum Fit Function Value = 0.555
                Population Discrepancy Function Value (F0) = 0.320
             90 Percent Confidence Interval for F0 = (0.212 ; 0.451)
             Root Mean Square Error of Approximation (RMSEA) = 0.0633
           90 Percent Confidence Interval for RMSEA = (0.0515 ; 0.0751)
              P-Value for Test of Close Fit (RMSEA < 0.05) = 0.0327
 
                  Expected Cross-Validation Index (ECVI) = 0.799
            90 Percent Confidence Interval for ECVI = (0.691 ; 0.930)
                         ECVI for Saturated Model = 0.719
                       ECVI for Independence Model = 7.808
 
     Chi-Square for Independence Model with 105 Degrees of Freedom = 2577.828
                           Independence AIC = 2607.828
                               Model AIC = 266.925
                             Saturated AIC = 240.000
                           Independence CAIC = 2680.040
                               Model CAIC = 459.490
                             Saturated CAIC = 817.696
 
                          Normed Fit Index (NFI) = 0.928
                       Non-Normed Fit Index (NNFI) = 0.944
                    Parsimony Normed Fit Index (PNFI) = 0.707
                       Comparative Fit Index (CFI) = 0.957
                       Incremental Fit Index (IFI) = 0.958
                         Relative Fit Index (RFI) = 0.906
 
                            Critical N (CN) = 203.300
 
 
                     Root Mean Square Residual (RMR) = 0.0558
                            Standardized RMR = 0.0588
                       Goodness of Fit Index (GFI) = 0.931
                  Adjusted Goodness of Fit Index (AGFI) = 0.896
                  Parsimony Goodness of Fit Index (PGFI) = 0.620

 CFA                                                                            

 Standardized Solution           

         LAMBDA-X    

            JOB CONT   JOB PRED   TESTING    USABILIT   PREVIOUS   
            --------   --------   --------   --------   --------
       x1      0.374       - -        - -        - -        - - 
       x3      0.509       - -        - -        - -        - - 
       x2       - -       0.746       - -        - -        - - 
       x4       - -       0.754       - -        - -        - - 
       x6       - -        - -       0.628       - -        - - 
       x8       - -        - -       0.826       - -        - - 
      x11       - -        - -       1.005       - -        - - 
       x5       - -        - -        - -       0.477       - - 
       x7       - -        - -        - -       0.566       - - 
       x9       - -        - -        - -       0.453       - - 
      x10       - -        - -        - -       0.623       - - 
      x12       - -        - -        - -       0.485       - - 
      x13       - -        - -        - -        - -       0.717
      x14       - -        - -        - -        - -       0.712
      x15       - -        - -        - -        - -       0.557

         PHI                                     

            JOB CONT   JOB PRED   TESTING    USABILIT   PREVIOUS   
            --------   --------   --------   --------   --------
 JOB CONT      1.000
 JOB PRED      0.672      1.000
 TESTING       0.327      0.119      1.000
 USABILIT      0.517      0.196      0.602      1.000
 PREVIOUS      0.296      0.160      0.126      0.392      1.000

                           Time used:    0.110 Seconds
