
                                DATE:  8/ 9/2007
                                  TIME:  9:30


                         LISREL 8.80 (STUDENT EDITION)

                                       BY

                         Karl G. J”reskog & Dag S”rbom



                    This program is published exclusively by
                    Scientific Software International, Inc.
                       7383 N. Lincoln Avenue, Suite 100
                        Lincolnwood, IL 60712, U.S.A. 
            Phone: (800)247-6113, (847)675-0720, Fax: (847)675-2140
        Copyright by Scientific Software International, Inc., 1981-2006 
          Use of this program is subject to the terms specified in the
                        Universal Copyright Convention.
                          Website: www.ssicentral.com

 The following lines were read from file C:\Documents and Settings\jbudden\Desktop\SIOP\ANALYSES\MULTIGROUP FACTOR LOADINGS.LS8:

 MULTIGROUP FACTOR LOADINGS INVARIANT UNITED STATES
 DA NI=15 NO=361 MA=CM NG=2
 LA
 x1 x2 x3 x4 x5 x6 x7 x8 x9 x10 x11 x12 x13 x14 x15
 KM FU FI=USLISRELDATA.txt
 SD
 .755 .914 .864 .933 .648 .784 .712 1.015 .577 .868 1.159 .550 .890 .781 1.075
 SE
 1 3 2 4 6 8 11 5 7 9 10 12 13 14 15 /
 MO NX=15 NK=5 LX=FU,FI TD=DI,FR PH=SY,FR
 LK
 'JOB CONTENT' 'JOB PREDICTIVE' 'TESTING ENVIRONMENT' 'USABILITY' 'PREVIOUS JOB SEARCH'
 PA LX
 0 0 0 0 0
 1 0 0 0 0
 0 0 0 0 0
 0 1 0 0 0
 0 0 0 0 0
 0 0 1 0 0
 0 0 1 0 0
 0 0 0 0 0
 0 0 0 1 0
 0 0 0 1 0
 0 0 0 1 0
 0 0 0 1 0
 0 0 0 0 0
 0 0 0 0 1
 0 0 0 0 1
 VA 1.0 LX(1,1) LX(3,2) LX(5,3) LX(8,4) LX(13,5)
 PATH DIAGRAM
 OU ME=ML ND=3 SS

 MULTIGROUP FACTOR LOADINGS INVARIANT UNITED STATES                             

                           Number of Input Variables 15
                           Number of Y - Variables    0
                           Number of X - Variables   15
                           Number of ETA - Variables  0
                           Number of KSI - Variables  5
                           Number of Observations   361
                           Number of Groups           2
 MULTIGROUP FACTOR LOADINGS INVARIANT
 DA NI=15 NO=335 MA=CM
 LA
 x1 x2 x3 x4 x5 x6 x7 x8 x9 x10 x11 x12 x13 x14 x15
 KM FU FI=ASIALISRELDATA.txt
 SD
 .673 .915 .777 .951 .762 .914 1.010 1.045 .657 1.097 1.167 .753 .805 .846 1.139
 SE
 1 3 2 4 6 8 11 5 7 9 10 12 13 14 15 /
 MO LX=IN TD=PS PH=PS
 LK
 'JOB CONTENT' 'JOB PREDICTIVE' 'TESTING ENVIRONMENT' 'USABILITY' 'PREVIOUS JOB SEARCH'
 OU

 MULTIGROUP FACTOR LOADINGS INVARIANT                                           

                           Number of Input Variables 15
                           Number of Y - Variables    0
                           Number of X - Variables   15
                           Number of ETA - Variables  0
                           Number of KSI - Variables  5
                           Number of Observations   335
                           Number of Groups           2

 MULTIGROUP FACTOR LOADINGS INVARIANT UNITED STATES                             

         Covariance Matrix       

                  x1         x3         x2         x4         x6         x8   
            --------   --------   --------   --------   --------   --------
       x1      0.570
       x3      0.294      0.746
       x2      0.213      0.221      0.835
       x4      0.176      0.294      0.521      0.870
       x6      0.103      0.047      0.061      0.039      0.615
       x8      0.168      0.039      0.090      0.075      0.466      1.030
      x11      0.179      0.105      0.139      0.138      0.436      0.856
       x5      0.137      0.079      0.076      0.066      0.164      0.178
       x7      0.162      0.098      0.032      0.041      0.188      0.267
       x9      0.081      0.016      0.003      0.025      0.166      0.180
      x10      0.160      0.100      0.131      0.104      0.281      0.254
      x12      0.130      0.077      0.049      0.043      0.158      0.179
      x13      0.066     -0.013     -0.015     -0.002      0.123      0.210
      x14      0.094      0.003      0.006      0.022      0.127      0.182
      x15      0.075      0.093      0.098      0.105      0.152      0.263

         Covariance Matrix       

                 x11         x5         x7         x9        x10        x12   
            --------   --------   --------   --------   --------   --------
      x11      1.343
       x5      0.131      0.420
       x7      0.247      0.197      0.507
       x9      0.137      0.196      0.182      0.333
      x10      0.303      0.188      0.204      0.247      0.753
      x12      0.160      0.177      0.169      0.204      0.207      0.303
      x13      0.191      0.115      0.165      0.186      0.148      0.156
      x14      0.150      0.123      0.156      0.156      0.119      0.158
      x15      0.308      0.084      0.143      0.122      0.130      0.131

         Covariance Matrix       

                 x13        x14        x15   
            --------   --------   --------
      x13      0.792
      x14      0.579      0.610
      x15      0.521      0.444      1.156

 MULTIGROUP FACTOR LOADINGS INVARIANT                                           

         Covariance Matrix       

                  x1         x3         x2         x4         x6         x8   
            --------   --------   --------   --------   --------   --------
       x1      0.453
       x3      0.190      0.604
       x2      0.179      0.260      0.837
       x4      0.163      0.280      0.562      0.904
       x6      0.043      0.154      0.024      0.048      0.835
       x8      0.094      0.175      0.092      0.130      0.501      1.092
      x11      0.038      0.204      0.053      0.099      0.623      0.845
       x5      0.157      0.147      0.094      0.108      0.249      0.172
       x7      0.091      0.122      0.120      0.121      0.245      0.292
       x9      0.113      0.112      0.075      0.078      0.157      0.190
      x10      0.127      0.089     -0.003      0.015      0.351      0.324
      x12      0.100      0.095      0.072      0.034      0.268      0.275
      x13      0.121      0.069      0.069      0.056      0.052      0.076
      x14      0.104      0.080      0.114      0.096      0.073      0.086
      x15      0.054      0.173      0.154      0.169      0.231      0.299

         Covariance Matrix       

                 x11         x5         x7         x9        x10        x12   
            --------   --------   --------   --------   --------   --------
      x11      1.362
       x5      0.192      0.581
       x7      0.288      0.286      1.020
       x9      0.213      0.228      0.290      0.432
      x10      0.498      0.213      0.411      0.302      1.203
      x12      0.373      0.243      0.230      0.197      0.316      0.567
      x13      0.034      0.203      0.102      0.147      0.102      0.139
      x14      0.079      0.148      0.079      0.131      0.087      0.146
      x15      0.327      0.129      0.191      0.113      0.147      0.162

         Covariance Matrix       

                 x13        x14        x15   
            --------   --------   --------
      x13      0.648
      x14      0.511      0.716
      x15      0.390      0.407      1.297


 MULTIGROUP FACTOR LOADINGS INVARIANT UNITED STATES                             

 Parameter Specifications

 LAMBDA-X EQUALS LAMBDA-X IN THE FOLLOWING GROUP

         PHI         

            JOB CONT   JOB PRED   TESTING    USABILIT   PREVIOUS
            --------   --------   --------   --------   --------
 JOB CONT         11
 JOB PRED         12         13
 TESTING          14         15         16
 USABILIT         17         18         19         20
 PREVIOUS         21         22         23         24         25

         THETA-DELTA 

                  x1         x3         x2         x4         x6         x8
            --------   --------   --------   --------   --------   --------
                  26         27         28         29         30         31

         THETA-DELTA 

                 x11         x5         x7         x9        x10        x12
            --------   --------   --------   --------   --------   --------
                  32         33         34         35         36         37

         THETA-DELTA 

                 x13        x14        x15
            --------   --------   --------
                  38         39         40


 MULTIGROUP FACTOR LOADINGS INVARIANT                                           

 Parameter Specifications

         LAMBDA-X    

            JOB CONT   JOB PRED   TESTING    USABILIT   PREVIOUS
            --------   --------   --------   --------   --------
       x1          0          0          0          0          0
       x3          1          0          0          0          0
       x2          0          0          0          0          0
       x4          0          2          0          0          0
       x6          0          0          0          0          0
       x8          0          0          3          0          0
      x11          0          0          4          0          0
       x5          0          0          0          0          0
       x7          0          0          0          5          0
       x9          0          0          0          6          0
      x10          0          0          0          7          0
      x12          0          0          0          8          0
      x13          0          0          0          0          0
      x14          0          0          0          0          9
      x15          0          0          0          0         10

         PHI         

            JOB CONT   JOB PRED   TESTING    USABILIT   PREVIOUS
            --------   --------   --------   --------   --------
 JOB CONT         41
 JOB PRED         42         43
 TESTING          44         45         46
 USABILIT         47         48         49         50
 PREVIOUS         51         52         53         54         55

         THETA-DELTA 

                  x1         x3         x2         x4         x6         x8
            --------   --------   --------   --------   --------   --------
                  56         57         58         59         60         61

         THETA-DELTA 

                 x11         x5         x7         x9        x10        x12
            --------   --------   --------   --------   --------   --------
                  62         63         64         65         66         67

         THETA-DELTA 

                 x13        x14        x15
            --------   --------   --------
                  68         69         70
 


 MULTIGROUP FACTOR LOADINGS INVARIANT UNITED STATES                             

 Number of Iterations = 11

 LISREL Estimates (Maximum Likelihood)                           

 LAMBDA-X EQUALS LAMBDA-X IN THE FOLLOWING GROUP

         PHI         

            JOB CONT   JOB PRED   TESTING    USABILIT   PREVIOUS   
            --------   --------   --------   --------   --------
 JOB CONT      0.262
             (0.042)
               6.222
 JOB PRED      0.209      0.512
             (0.033)    (0.068)
               6.336      7.491
 TESTING       0.072      0.060      0.307
             (0.021)    (0.026)    (0.038)
               3.404      2.270      8.114
 USABILIT      0.088      0.043      0.119      0.179
             (0.018)    (0.020)    (0.018)    (0.024)
               5.020      2.124      6.730      7.535
 PREVIOUS      0.048      0.010      0.127      0.155      0.643
             (0.029)    (0.036)    (0.028)    (0.024)    (0.060)
               1.646      0.283      4.539      6.553     10.674

         THETA-DELTA 

                  x1         x3         x2         x4         x6         x8   
            --------   --------   --------   --------   --------   --------
               0.296      0.433      0.325      0.338      0.346      0.215
             (0.037)    (0.049)    (0.054)    (0.056)    (0.030)    (0.037)
               8.029      8.775      6.075      6.086     11.562      5.864

         THETA-DELTA 

                 x11         x5         x7         x9        x10        x12   
            --------   --------   --------   --------   --------   --------
               0.488      0.244      0.321      0.128      0.498      0.118
             (0.054)    (0.021)    (0.027)    (0.013)    (0.041)    (0.012)
               9.079     11.736     11.937      9.917     12.159      9.701

         THETA-DELTA 

                 x13        x14        x15   
            --------   --------   --------
               0.140      0.096      0.759
             (0.026)    (0.021)    (0.059)
               5.356      4.625     12.801

         Squared Multiple Correlations for X - Variables         

                  x1         x3         x2         x4         x6         x8   
            --------   --------   --------   --------   --------   --------
               0.470      0.434      0.611      0.611      0.470      0.782

         Squared Multiple Correlations for X - Variables         

                 x11         x5         x7         x9        x10        x12   
            --------   --------   --------   --------   --------   --------
               0.648      0.422      0.389      0.598      0.354      0.610

         Squared Multiple Correlations for X - Variables         

                 x13        x14        x15   
            --------   --------   --------
               0.821      0.845      0.333


                         Group Goodness of Fit Statistics

                       Contribution to Chi-Square = 193.821
                  Percentage Contribution to Chi-Square = 49.553
 
                     Root Mean Square Residual (RMR) = 0.0415
                            Standardized RMR = 0.0570
                       Goodness of Fit Index (GFI) = 0.934

 MULTIGROUP FACTOR LOADINGS INVARIANT UNITED STATES                             

 Within Group Standardized Solution           

         LAMBDA-X    

            JOB CONT   JOB PRED   TESTING    USABILIT   PREVIOUS   
            --------   --------   --------   --------   --------
       x1      0.512       - -        - -        - -        - - 
       x3      0.576       - -        - -        - -        - - 
       x2       - -       0.715       - -        - -        - - 
       x4       - -       0.728       - -        - -        - - 
       x6       - -        - -       0.554       - -        - - 
       x8       - -        - -       0.878       - -        - - 
      x11       - -        - -       0.949       - -        - - 
       x5       - -        - -        - -       0.423       - - 
       x7       - -        - -        - -       0.453       - - 
       x9       - -        - -        - -       0.437       - - 
      x10       - -        - -        - -       0.522       - - 
      x12       - -        - -        - -       0.430       - - 
      x13       - -        - -        - -        - -       0.802
      x14       - -        - -        - -        - -       0.723
      x15       - -        - -        - -        - -       0.615

         PHI                                     

            JOB CONT   JOB PRED   TESTING    USABILIT   PREVIOUS   
            --------   --------   --------   --------   --------
 JOB CONT      1.000
 JOB PRED      0.570      1.000
 TESTING       0.255      0.150      1.000
 USABILIT      0.407      0.143      0.510      1.000
 PREVIOUS      0.116      0.018      0.286      0.456      1.000


 MULTIGROUP FACTOR LOADINGS INVARIANT                                           

 Number of Iterations = 11

 LISREL Estimates (Maximum Likelihood)                           

         LAMBDA-X    

            JOB CONT   JOB PRED   TESTING    USABILIT   PREVIOUS   
            --------   --------   --------   --------   --------
       x1      1.000       - -        - -        - -        - - 
       x3      1.126       - -        - -        - -        - - 
             (0.112)
              10.037
       x2       - -       1.000       - -        - -        - - 
       x4       - -       1.018       - -        - -        - - 
                        (0.089)
                         11.467
       x6       - -        - -       1.000       - -        - - 
       x8       - -        - -       1.585       - -        - - 
                                   (0.090)
                                    17.634
      x11       - -        - -       1.712       - -        - - 
                                   (0.098)
                                    17.465
       x5       - -        - -        - -       1.000       - - 
       x7       - -        - -        - -       1.070       - - 
                                              (0.085)
                                               12.573
       x9       - -        - -        - -       1.033       - - 
                                              (0.068)
                                               15.237
      x10       - -        - -        - -       1.235       - - 
                                              (0.099)
                                               12.428
      x12       - -        - -        - -       1.016       - - 
                                              (0.068)
                                               14.910
      x13       - -        - -        - -        - -       1.000
      x14       - -        - -        - -        - -       0.902
                                                         (0.039)
                                                          23.087
      x15       - -        - -        - -        - -       0.767
                                                         (0.052)
                                                          14.666

         PHI         

            JOB CONT   JOB PRED   TESTING    USABILIT   PREVIOUS   
            --------   --------   --------   --------   --------
 JOB CONT      0.169
             (0.032)
               5.301
 JOB PRED      0.204      0.552
             (0.031)    (0.073)
               6.566      7.552
 TESTING       0.074      0.052      0.320
             (0.020)    (0.029)    (0.041)
               3.670      1.835      7.790
 USABILIT      0.105      0.070      0.159      0.225
             (0.019)    (0.026)    (0.023)    (0.031)
               5.502      2.726      6.986      7.274
 PREVIOUS      0.095      0.082      0.051      0.140      0.554
             (0.025)    (0.037)    (0.027)    (0.026)    (0.054)
               3.723      2.226      1.875      5.475     10.299

         THETA-DELTA 

                  x1         x3         x2         x4         x6         x8   
            --------   --------   --------   --------   --------   --------
               0.298      0.372      0.283      0.334      0.461      0.369
             (0.032)    (0.040)    (0.053)    (0.057)    (0.040)    (0.048)
               9.387      9.324      5.300      5.884     11.424      7.672

         THETA-DELTA 

                 x11         x5         x7         x9        x10        x12   
            --------   --------   --------   --------   --------   --------
               0.386      0.351      0.717      0.217      0.831      0.335
             (0.054)    (0.032)    (0.060)    (0.022)    (0.071)    (0.031)
               7.155     11.055     11.906      9.673     11.738     10.938

         THETA-DELTA 

                 x13        x14        x15   
            --------   --------   --------
               0.101      0.241      0.997
             (0.029)    (0.029)    (0.081)
               3.531      8.175     12.369

         Squared Multiple Correlations for X - Variables         

                  x1         x3         x2         x4         x6         x8   
            --------   --------   --------   --------   --------   --------
               0.362      0.366      0.661      0.632      0.410      0.685

         Squared Multiple Correlations for X - Variables         

                 x11         x5         x7         x9        x10        x12   
            --------   --------   --------   --------   --------   --------
               0.708      0.390      0.264      0.525      0.292      0.409

         Squared Multiple Correlations for X - Variables         

                 x13        x14        x15   
            --------   --------   --------
               0.845      0.652      0.247


                        Global Goodness of Fit Statistics

                             Degrees of Freedom = 170
               Minimum Fit Function Chi-Square = 391.142 (P = 0.0)
       Normal Theory Weighted Least Squares Chi-Square = 393.755 (P = 0.0)
                Estimated Non-centrality Parameter (NCP) = 223.755
           90 Percent Confidence Interval for NCP = (169.767 ; 285.460)
 
                        Minimum Fit Function Value = 0.564
                Population Discrepancy Function Value (F0) = 0.322
             90 Percent Confidence Interval for F0 = (0.245 ; 0.411)
             Root Mean Square Error of Approximation (RMSEA) = 0.0616
           90 Percent Confidence Interval for RMSEA = (0.0536 ; 0.0696)
              P-Value for Test of Close Fit (RMSEA < 0.05) = 0.00890
 
                  Expected Cross-Validation Index (ECVI) = 0.769
            90 Percent Confidence Interval for ECVI = (0.691 ; 0.858)
                         ECVI for Saturated Model = 0.346
                       ECVI for Independence Model = 8.483
 
     Chi-Square for Independence Model with 210 Degrees of Freedom = 5857.408
                           Independence AIC = 5917.408
                               Model AIC = 533.755
                             Saturated AIC = 480.000
                           Independence CAIC = 6083.769
                               Model CAIC = 921.929
                            Saturated CAIC = 1810.884
 
                          Normed Fit Index (NFI) = 0.933
                       Non-Normed Fit Index (NNFI) = 0.952
                    Parsimony Normed Fit Index (PNFI) = 0.755
                       Comparative Fit Index (CFI) = 0.961
                       Incremental Fit Index (IFI) = 0.961
                         Relative Fit Index (RFI) = 0.918
 
                            Critical N (CN) = 383.914
 


                         Group Goodness of Fit Statistics

                       Contribution to Chi-Square = 197.320
                  Percentage Contribution to Chi-Square = 50.447
 
                     Root Mean Square Residual (RMR) = 0.0608
                            Standardized RMR = 0.0646
                       Goodness of Fit Index (GFI) = 0.925

 MULTIGROUP FACTOR LOADINGS INVARIANT                                           

 Within Group Standardized Solution           

         LAMBDA-X    

            JOB CONT   JOB PRED   TESTING    USABILIT   PREVIOUS   
            --------   --------   --------   --------   --------
       x1      0.411       - -        - -        - -        - - 
       x3      0.463       - -        - -        - -        - - 
       x2       - -       0.743       - -        - -        - - 
       x4       - -       0.757       - -        - -        - - 
       x6       - -        - -       0.566       - -        - - 
       x8       - -        - -       0.896       - -        - - 
      x11       - -        - -       0.968       - -        - - 
       x5       - -        - -        - -       0.474       - - 
       x7       - -        - -        - -       0.507       - - 
       x9       - -        - -        - -       0.490       - - 
      x10       - -        - -        - -       0.585       - - 
      x12       - -        - -        - -       0.482       - - 
      x13       - -        - -        - -        - -       0.744
      x14       - -        - -        - -        - -       0.671
      x15       - -        - -        - -        - -       0.571

         PHI                                     

            JOB CONT   JOB PRED   TESTING    USABILIT   PREVIOUS   
            --------   --------   --------   --------   --------
 JOB CONT      1.000
 JOB PRED      0.668      1.000
 TESTING       0.316      0.125      1.000
 USABILIT      0.538      0.198      0.591      1.000
 PREVIOUS      0.309      0.148      0.120      0.397      1.000

 MULTIGROUP FACTOR LOADINGS INVARIANT UNITED STATES                             

 Common Metric Standardized Solution           

         LAMBDA-X    

            JOB CONT   JOB PRED   TESTING    USABILIT   PREVIOUS   
            --------   --------   --------   --------   --------
       x1      0.466       - -        - -        - -        - - 
       x3      0.525       - -        - -        - -        - - 
       x2       - -       0.729       - -        - -        - - 
       x4       - -       0.742       - -        - -        - - 
       x6       - -        - -       0.560       - -        - - 
       x8       - -        - -       0.887       - -        - - 
      x11       - -        - -       0.958       - -        - - 
       x5       - -        - -        - -       0.448       - - 
       x7       - -        - -        - -       0.480       - - 
       x9       - -        - -        - -       0.463       - - 
      x10       - -        - -        - -       0.553       - - 
      x12       - -        - -        - -       0.455       - - 
      x13       - -        - -        - -        - -       0.775
      x14       - -        - -        - -        - -       0.699
      x15       - -        - -        - -        - -       0.594

         PHI                                     

            JOB CONT   JOB PRED   TESTING    USABILIT   PREVIOUS   
            --------   --------   --------   --------   --------
 JOB CONT      1.205
 JOB PRED      0.614      0.963
 TESTING       0.277      0.146      0.980
 USABILIT      0.421      0.133      0.476      0.890
 PREVIOUS      0.132      0.018      0.293      0.446      1.071

 MULTIGROUP FACTOR LOADINGS INVARIANT                                           

 Common Metric Standardized Solution           

         LAMBDA-X    

            JOB CONT   JOB PRED   TESTING    USABILIT   PREVIOUS   
            --------   --------   --------   --------   --------
       x1      0.466       - -        - -        - -        - - 
       x3      0.525       - -        - -        - -        - - 
       x2       - -       0.729       - -        - -        - - 
       x4       - -       0.742       - -        - -        - - 
       x6       - -        - -       0.560       - -        - - 
       x8       - -        - -       0.887       - -        - - 
      x11       - -        - -       0.958       - -        - - 
       x5       - -        - -        - -       0.448       - - 
       x7       - -        - -        - -       0.480       - - 
       x9       - -        - -        - -       0.463       - - 
      x10       - -        - -        - -       0.553       - - 
      x12       - -        - -        - -       0.455       - - 
      x13       - -        - -        - -        - -       0.775
      x14       - -        - -        - -        - -       0.699
      x15       - -        - -        - -        - -       0.594

         PHI                                     

            JOB CONT   JOB PRED   TESTING    USABILIT   PREVIOUS   
            --------   --------   --------   --------   --------
 JOB CONT      0.779
 JOB PRED      0.601      1.040
 TESTING       0.282      0.129      1.021
 USABILIT      0.502      0.213      0.632      1.118
 PREVIOUS      0.262      0.145      0.117      0.404      0.923

                           Time used:    0.220 Seconds
