
                                DATE:  8/ 9/2007
                                  TIME:  9:27


                         LISREL 8.80 (STUDENT EDITION)

                                       BY

                         Karl G. Jöreskog & Dag Sörbom



                    This program is published exclusively by
                    Scientific Software International, Inc.
                       7383 N. Lincoln Avenue, Suite 100
                        Lincolnwood, IL 60712, U.S.A. 
            Phone: (800)247-6113, (847)675-0720, Fax: (847)675-2140
        Copyright by Scientific Software International, Inc., 1981-2006 
          Use of this program is subject to the terms specified in the
                        Universal Copyright Convention.
                          Website: www.ssicentral.com

 The following lines were read from file C:\Documents and Settings\jbudden\Desktop\SIOP\ANALYSES\MULTIGROUP SAME PATTERN.LS8:

 MULTIGROUP SAME PATTERN UNITED STATES
 DA NI=15 NO=361 MA=CM NG=2
 LA
 x1 x2 x3 x4 x5 x6 x7 x8 x9 x10 x11 x12 x13 x14 x15
 KM FU FI=USLISRELDATA.txt
 SD
 .755 .914 .864 .933 .648 .784 .712 1.015 .577 .868 1.159 .550 .890 .781 1.075
 SE
 1 3 2 4 6 8 11 5 7 9 10 12 13 14 15 /
 MO NX=15 NK=5 LX=FU,FI TD=DI,FR PH=SY,FR
 LK
 'JOB CONTENT' 'JOB PREDICTIVE' 'TESTING ENVIRONMENT' 'USABILITY' 'PREVIOUS JOB SEARCH'
 PA LX
 0 0 0 0 0
 1 0 0 0 0
 0 0 0 0 0
 0 1 0 0 0
 0 0 0 0 0
 0 0 1 0 0
 0 0 1 0 0
 0 0 0 0 0
 0 0 0 1 0
 0 0 0 1 0
 0 0 0 1 0
 0 0 0 1 0
 0 0 0 0 0
 0 0 0 0 1
 0 0 0 0 1
 VA 1.0 LX(1,1) LX(3,2) LX(5,3) LX(8,4) LX(13,5)
 PATH DIAGRAM
 OU ME=ML ND=3 SS

 MULTIGROUP SAME PATTERN UNITED STATES                                          

                           Number of Input Variables 15
                           Number of Y - Variables    0
                           Number of X - Variables   15
                           Number of ETA - Variables  0
                           Number of KSI - Variables  5
                           Number of Observations   361
                           Number of Groups           2
 MULTIGROUP SAME PATTERN ASIA
 DA NI=15 NO=335 MA=CM
 LA
 x1 x2 x3 x4 x5 x6 x7 x8 x9 x10 x11 x12 x13 x14 x15
 KM FU FI=ASIALISRELDATA.txt
 SD
 .673 .915 .777 .951 .762 .914 1.010 1.045 .657 1.097 1.167 .753 .805 .846 1.139
 SE
 1 3 2 4 6 8 11 5 7 9 10 12 13 14 15 /
 MO LX=PS TD=PS PH=PS
 LK
 'JOB CONTENT' 'JOB PREDICTIVE' 'TESTING ENVIRONMENT' 'USABILITY' 'PREVIOUS JOB SEARCH'
 OU

 MULTIGROUP SAME PATTERN ASIA                                                   

                           Number of Input Variables 15
                           Number of Y - Variables    0
                           Number of X - Variables   15
                           Number of ETA - Variables  0
                           Number of KSI - Variables  5
                           Number of Observations   335
                           Number of Groups           2

 MULTIGROUP SAME PATTERN UNITED STATES                                          

         Covariance Matrix       

                  x1         x3         x2         x4         x6         x8   
            --------   --------   --------   --------   --------   --------
       x1      0.570
       x3      0.294      0.746
       x2      0.213      0.221      0.835
       x4      0.176      0.294      0.521      0.870
       x6      0.103      0.047      0.061      0.039      0.615
       x8      0.168      0.039      0.090      0.075      0.466      1.030
      x11      0.179      0.105      0.139      0.138      0.436      0.856
       x5      0.137      0.079      0.076      0.066      0.164      0.178
       x7      0.162      0.098      0.032      0.041      0.188      0.267
       x9      0.081      0.016      0.003      0.025      0.166      0.180
      x10      0.160      0.100      0.131      0.104      0.281      0.254
      x12      0.130      0.077      0.049      0.043      0.158      0.179
      x13      0.066     -0.013     -0.015     -0.002      0.123      0.210
      x14      0.094      0.003      0.006      0.022      0.127      0.182
      x15      0.075      0.093      0.098      0.105      0.152      0.263

         Covariance Matrix       

                 x11         x5         x7         x9        x10        x12   
            --------   --------   --------   --------   --------   --------
      x11      1.343
       x5      0.131      0.420
       x7      0.247      0.197      0.507
       x9      0.137      0.196      0.182      0.333
      x10      0.303      0.188      0.204      0.247      0.753
      x12      0.160      0.177      0.169      0.204      0.207      0.303
      x13      0.191      0.115      0.165      0.186      0.148      0.156
      x14      0.150      0.123      0.156      0.156      0.119      0.158
      x15      0.308      0.084      0.143      0.122      0.130      0.131

         Covariance Matrix       

                 x13        x14        x15   
            --------   --------   --------
      x13      0.792
      x14      0.579      0.610
      x15      0.521      0.444      1.156

 MULTIGROUP SAME PATTERN ASIA                                                   

         Covariance Matrix       

                  x1         x3         x2         x4         x6         x8   
            --------   --------   --------   --------   --------   --------
       x1      0.453
       x3      0.190      0.604
       x2      0.179      0.260      0.837
       x4      0.163      0.280      0.562      0.904
       x6      0.043      0.154      0.024      0.048      0.835
       x8      0.094      0.175      0.092      0.130      0.501      1.092
      x11      0.038      0.204      0.053      0.099      0.623      0.845
       x5      0.157      0.147      0.094      0.108      0.249      0.172
       x7      0.091      0.122      0.120      0.121      0.245      0.292
       x9      0.113      0.112      0.075      0.078      0.157      0.190
      x10      0.127      0.089     -0.003      0.015      0.351      0.324
      x12      0.100      0.095      0.072      0.034      0.268      0.275
      x13      0.121      0.069      0.069      0.056      0.052      0.076
      x14      0.104      0.080      0.114      0.096      0.073      0.086
      x15      0.054      0.173      0.154      0.169      0.231      0.299

         Covariance Matrix       

                 x11         x5         x7         x9        x10        x12   
            --------   --------   --------   --------   --------   --------
      x11      1.362
       x5      0.192      0.581
       x7      0.288      0.286      1.020
       x9      0.213      0.228      0.290      0.432
      x10      0.498      0.213      0.411      0.302      1.203
      x12      0.373      0.243      0.230      0.197      0.316      0.567
      x13      0.034      0.203      0.102      0.147      0.102      0.139
      x14      0.079      0.148      0.079      0.131      0.087      0.146
      x15      0.327      0.129      0.191      0.113      0.147      0.162

         Covariance Matrix       

                 x13        x14        x15   
            --------   --------   --------
      x13      0.648
      x14      0.511      0.716
      x15      0.390      0.407      1.297


 MULTIGROUP SAME PATTERN UNITED STATES                                          

 Parameter Specifications

         LAMBDA-X    

            JOB CONT   JOB PRED   TESTING    USABILIT   PREVIOUS
            --------   --------   --------   --------   --------
       x1          0          0          0          0          0
       x3          1          0          0          0          0
       x2          0          0          0          0          0
       x4          0          2          0          0          0
       x6          0          0          0          0          0
       x8          0          0          3          0          0
      x11          0          0          4          0          0
       x5          0          0          0          0          0
       x7          0          0          0          5          0
       x9          0          0          0          6          0
      x10          0          0          0          7          0
      x12          0          0          0          8          0
      x13          0          0          0          0          0
      x14          0          0          0          0          9
      x15          0          0          0          0         10

         PHI         

            JOB CONT   JOB PRED   TESTING    USABILIT   PREVIOUS
            --------   --------   --------   --------   --------
 JOB CONT         11
 JOB PRED         12         13
 TESTING          14         15         16
 USABILIT         17         18         19         20
 PREVIOUS         21         22         23         24         25

         THETA-DELTA 

                  x1         x3         x2         x4         x6         x8
            --------   --------   --------   --------   --------   --------
                  26         27         28         29         30         31

         THETA-DELTA 

                 x11         x5         x7         x9        x10        x12
            --------   --------   --------   --------   --------   --------
                  32         33         34         35         36         37

         THETA-DELTA 

                 x13        x14        x15
            --------   --------   --------
                  38         39         40


 MULTIGROUP SAME PATTERN ASIA                                                   

 Parameter Specifications

         LAMBDA-X    

            JOB CONT   JOB PRED   TESTING    USABILIT   PREVIOUS
            --------   --------   --------   --------   --------
       x1          0          0          0          0          0
       x3         41          0          0          0          0
       x2          0          0          0          0          0
       x4          0         42          0          0          0
       x6          0          0          0          0          0
       x8          0          0         43          0          0
      x11          0          0         44          0          0
       x5          0          0          0          0          0
       x7          0          0          0         45          0
       x9          0          0          0         46          0
      x10          0          0          0         47          0
      x12          0          0          0         48          0
      x13          0          0          0          0          0
      x14          0          0          0          0         49
      x15          0          0          0          0         50

         PHI         

            JOB CONT   JOB PRED   TESTING    USABILIT   PREVIOUS
            --------   --------   --------   --------   --------
 JOB CONT         51
 JOB PRED         52         53
 TESTING          54         55         56
 USABILIT         57         58         59         60
 PREVIOUS         61         62         63         64         65

         THETA-DELTA 

                  x1         x3         x2         x4         x6         x8
            --------   --------   --------   --------   --------   --------
                  66         67         68         69         70         71

         THETA-DELTA 

                 x11         x5         x7         x9        x10        x12
            --------   --------   --------   --------   --------   --------
                  72         73         74         75         76         77

         THETA-DELTA 

                 x13        x14        x15
            --------   --------   --------
                  78         79         80
 


 MULTIGROUP SAME PATTERN UNITED STATES                                          

 Number of Iterations = 13

 LISREL Estimates (Maximum Likelihood)                           

         LAMBDA-X    

            JOB CONT   JOB PRED   TESTING    USABILIT   PREVIOUS   
            --------   --------   --------   --------   --------
       x1      1.000       - -        - -        - -        - - 
       x3      0.929       - -        - -        - -        - - 
             (0.134)
               6.917
       x2       - -       1.000       - -        - -        - - 
       x4       - -       0.986       - -        - -        - - 
                        (0.133)
                          7.425
       x6       - -        - -       1.000       - -        - - 
       x8       - -        - -       1.844       - -        - - 
                                   (0.148)
                                    12.454
      x11       - -        - -       1.796       - -        - - 
                                   (0.146)
                                    12.287
       x5       - -        - -        - -       1.000       - - 
       x7       - -        - -        - -       1.017       - - 
                                              (0.106)
                                                9.557
       x9       - -        - -        - -       1.100       - - 
                                              (0.093)
                                               11.861
      x10       - -        - -        - -       1.202       - - 
                                              (0.129)
                                                9.315
      x12       - -        - -        - -       1.030       - - 
                                              (0.088)
                                               11.739
      x13       - -        - -        - -        - -       1.000
      x14       - -        - -        - -        - -       0.868
                                                         (0.044)
                                                          19.669
      x15       - -        - -        - -        - -       0.775
                                                         (0.064)
                                                          12.144

         PHI         

            JOB CONT   JOB PRED   TESTING    USABILIT   PREVIOUS   
            --------   --------   --------   --------   --------
 JOB CONT      0.316
             (0.057)
               5.572
 JOB PRED      0.222      0.529
             (0.037)    (0.088)
               6.001      6.006
 TESTING       0.075      0.053      0.256
             (0.021)    (0.024)    (0.040)
               3.546      2.165      6.439
 USABILIT      0.098      0.042      0.104      0.175
             (0.019)    (0.021)    (0.017)    (0.027)
               5.070      2.045      6.061      6.371
 PREVIOUS      0.059      0.009      0.117      0.155      0.667
             (0.032)    (0.038)    (0.026)    (0.025)    (0.064)
               1.864      0.232      4.433      6.306     10.416

         THETA-DELTA 

                  x1         x3         x2         x4         x6         x8   
            --------   --------   --------   --------   --------   --------
               0.254      0.474      0.307      0.357      0.359      0.161
             (0.046)    (0.051)    (0.070)    (0.070)    (0.030)    (0.045)
               5.507      9.355      4.374      5.125     11.903      3.608

         THETA-DELTA 

                 x11         x5         x7         x9        x10        x12   
            --------   --------   --------   --------   --------   --------
               0.519      0.245      0.326      0.122      0.501      0.117
             (0.057)    (0.021)    (0.027)    (0.013)    (0.041)    (0.012)
               9.133     11.698     12.088      9.155     12.209      9.519

         THETA-DELTA 

                 x13        x14        x15   
            --------   --------   --------
               0.125      0.108      0.755
             (0.028)    (0.022)    (0.059)
               4.447      4.995     12.738

         Squared Multiple Correlations for X - Variables         

                  x1         x3         x2         x4         x6         x8   
            --------   --------   --------   --------   --------   --------
               0.554      0.365      0.633      0.590      0.416      0.844

         Squared Multiple Correlations for X - Variables         

                 x11         x5         x7         x9        x10        x12   
            --------   --------   --------   --------   --------   --------
               0.614      0.416      0.356      0.634      0.335      0.612

         Squared Multiple Correlations for X - Variables         

                 x13        x14        x15   
            --------   --------   --------
               0.842      0.824      0.347


                         Group Goodness of Fit Statistics

                       Contribution to Chi-Square = 185.082
                  Percentage Contribution to Chi-Square = 49.949
 
                     Root Mean Square Residual (RMR) = 0.0409
                            Standardized RMR = 0.0571
                       Goodness of Fit Index (GFI) = 0.937

 MULTIGROUP SAME PATTERN UNITED STATES                                          

 Within Group Standardized Solution           

         LAMBDA-X    

            JOB CONT   JOB PRED   TESTING    USABILIT   PREVIOUS   
            --------   --------   --------   --------   --------
       x1      0.562       - -        - -        - -        - - 
       x3      0.522       - -        - -        - -        - - 
       x2       - -       0.727       - -        - -        - - 
       x4       - -       0.717       - -        - -        - - 
       x6       - -        - -       0.506       - -        - - 
       x8       - -        - -       0.932       - -        - - 
      x11       - -        - -       0.908       - -        - - 
       x5       - -        - -        - -       0.418       - - 
       x7       - -        - -        - -       0.425       - - 
       x9       - -        - -        - -       0.459       - - 
      x10       - -        - -        - -       0.502       - - 
      x12       - -        - -        - -       0.430       - - 
      x13       - -        - -        - -        - -       0.817
      x14       - -        - -        - -        - -       0.709
      x15       - -        - -        - -        - -       0.633

         PHI                                     

            JOB CONT   JOB PRED   TESTING    USABILIT   PREVIOUS   
            --------   --------   --------   --------   --------
 JOB CONT      1.000
 JOB PRED      0.544      1.000
 TESTING       0.264      0.143      1.000
 USABILIT      0.416      0.138      0.492      1.000
 PREVIOUS      0.129      0.015      0.283      0.455      1.000


 MULTIGROUP SAME PATTERN ASIA                                                   

 Number of Iterations = 13

 LISREL Estimates (Maximum Likelihood)                           

         LAMBDA-X    

            JOB CONT   JOB PRED   TESTING    USABILIT   PREVIOUS   
            --------   --------   --------   --------   --------
       x1      1.000       - -        - -        - -        - - 
       x3      1.359       - -        - -        - -        - - 
             (0.198)
               6.866
       x2       - -       1.000       - -        - -        - - 
       x4       - -       1.011       - -        - -        - - 
                        (0.116)
                          8.692
       x6       - -        - -       1.000       - -        - - 
       x8       - -        - -       1.315       - -        - - 
                                   (0.108)
                                    12.234
      x11       - -        - -       1.599       - -        - - 
                                   (0.128)
                                    12.532
       x5       - -        - -        - -       1.000       - - 
       x7       - -        - -        - -       1.186       - - 
                                              (0.145)
                                                8.165
       x9       - -        - -        - -       0.949       - - 
                                              (0.100)
                                                9.466
      x10       - -        - -        - -       1.305       - - 
                                              (0.158)
                                                8.248
      x12       - -        - -        - -       1.017       - - 
                                              (0.112)
                                                9.057
      x13       - -        - -        - -        - -       1.000
      x14       - -        - -        - -        - -       0.992
                                                         (0.079)
                                                          12.619
      x15       - -        - -        - -        - -       0.777
                                                         (0.091)
                                                           8.551

         PHI         

            JOB CONT   JOB PRED   TESTING    USABILIT   PREVIOUS   
            --------   --------   --------   --------   --------
 JOB CONT      0.140
             (0.032)
               4.377
 JOB PRED      0.187      0.556
             (0.032)    (0.084)
               5.809      6.609
 TESTING       0.077      0.056      0.395
             (0.021)    (0.032)    (0.059)
               3.635      1.740      6.646
 USABILIT      0.092      0.070      0.181      0.228
             (0.019)    (0.026)    (0.028)    (0.040)
               4.804      2.666      6.372      5.703
 PREVIOUS      0.079      0.085      0.057      0.134      0.514
             (0.023)    (0.036)    (0.029)    (0.026)    (0.060)
               3.438      2.366      1.941      5.096      8.550

         THETA-DELTA 

                  x1         x3         x2         x4         x6         x8   
            --------   --------   --------   --------   --------   --------
               0.313      0.345      0.281      0.336      0.441      0.409
             (0.031)    (0.045)    (0.062)    (0.065)    (0.041)    (0.048)
              10.057      7.689      4.549      5.195     10.766      8.498

         THETA-DELTA 

                 x11         x5         x7         x9        x10        x12   
            --------   --------   --------   --------   --------   --------
               0.352      0.353      0.700      0.227      0.815      0.331
             (0.059)    (0.033)    (0.061)    (0.023)    (0.072)    (0.031)
               5.966     10.797     11.422      9.932     11.363     10.578

         THETA-DELTA 

                 x13        x14        x15   
            --------   --------   --------
               0.134      0.209      0.987
             (0.036)    (0.038)    (0.080)
               3.690      5.514     12.288

         Squared Multiple Correlations for X - Variables         

                  x1         x3         x2         x4         x6         x8   
            --------   --------   --------   --------   --------   --------
               0.309      0.428      0.664      0.629      0.473      0.625

         Squared Multiple Correlations for X - Variables         

                 x11         x5         x7         x9        x10        x12   
            --------   --------   --------   --------   --------   --------
               0.741      0.392      0.314      0.475      0.323      0.416

         Squared Multiple Correlations for X - Variables         

                 x13        x14        x15   
            --------   --------   --------
               0.793      0.708      0.239


                        Global Goodness of Fit Statistics

                             Degrees of Freedom = 160
               Minimum Fit Function Chi-Square = 370.544 (P = 0.0)
       Normal Theory Weighted Least Squares Chi-Square = 369.228 (P = 0.0)
                Estimated Non-centrality Parameter (NCP) = 209.228
           90 Percent Confidence Interval for NCP = (157.097 ; 269.077)
 
                        Minimum Fit Function Value = 0.534
                Population Discrepancy Function Value (F0) = 0.301
             90 Percent Confidence Interval for F0 = (0.226 ; 0.388)
             Root Mean Square Error of Approximation (RMSEA) = 0.0614
           90 Percent Confidence Interval for RMSEA = (0.0532 ; 0.0696)
              P-Value for Test of Close Fit (RMSEA < 0.05) = 0.0119
 
                  Expected Cross-Validation Index (ECVI) = 0.763
            90 Percent Confidence Interval for ECVI = (0.687 ; 0.849)
                         ECVI for Saturated Model = 0.346
                       ECVI for Independence Model = 8.483
 
     Chi-Square for Independence Model with 210 Degrees of Freedom = 5857.408
                           Independence AIC = 5917.408
                               Model AIC = 529.228
                             Saturated AIC = 480.000
                           Independence CAIC = 6083.769
                               Model CAIC = 972.856
                            Saturated CAIC = 1810.884
 
                          Normed Fit Index (NFI) = 0.937
                       Non-Normed Fit Index (NNFI) = 0.951
                    Parsimony Normed Fit Index (PNFI) = 0.714
                       Comparative Fit Index (CFI) = 0.963
                       Incremental Fit Index (IFI) = 0.963
                         Relative Fit Index (RFI) = 0.917
 
                            Critical N (CN) = 384.071
 


                         Group Goodness of Fit Statistics

                       Contribution to Chi-Square = 185.462
                  Percentage Contribution to Chi-Square = 50.051
 
                     Root Mean Square Residual (RMR) = 0.0558
                            Standardized RMR = 0.0588
                       Goodness of Fit Index (GFI) = 0.931

 MULTIGROUP SAME PATTERN ASIA                                                   

 Within Group Standardized Solution           

         LAMBDA-X    

            JOB CONT   JOB PRED   TESTING    USABILIT   PREVIOUS   
            --------   --------   --------   --------   --------
       x1      0.374       - -        - -        - -        - - 
       x3      0.509       - -        - -        - -        - - 
       x2       - -       0.746       - -        - -        - - 
       x4       - -       0.754       - -        - -        - - 
       x6       - -        - -       0.628       - -        - - 
       x8       - -        - -       0.826       - -        - - 
      x11       - -        - -       1.005       - -        - - 
       x5       - -        - -        - -       0.477       - - 
       x7       - -        - -        - -       0.566       - - 
       x9       - -        - -        - -       0.453       - - 
      x10       - -        - -        - -       0.623       - - 
      x12       - -        - -        - -       0.485       - - 
      x13       - -        - -        - -        - -       0.717
      x14       - -        - -        - -        - -       0.712
      x15       - -        - -        - -        - -       0.557

         PHI                                     

            JOB CONT   JOB PRED   TESTING    USABILIT   PREVIOUS   
            --------   --------   --------   --------   --------
 JOB CONT      1.000
 JOB PRED      0.672      1.000
 TESTING       0.327      0.119      1.000
 USABILIT      0.517      0.196      0.602      1.000
 PREVIOUS      0.296      0.160      0.126      0.392      1.000

 MULTIGROUP SAME PATTERN UNITED STATES                                          

 Common Metric Standardized Solution           

         LAMBDA-X    

            JOB CONT   JOB PRED   TESTING    USABILIT   PREVIOUS   
            --------   --------   --------   --------   --------
       x1      0.481       - -        - -        - -        - - 
       x3      0.447       - -        - -        - -        - - 
       x2       - -       0.736       - -        - -        - - 
       x4       - -       0.725       - -        - -        - - 
       x6       - -        - -       0.568       - -        - - 
       x8       - -        - -       1.047       - -        - - 
      x11       - -        - -       1.020       - -        - - 
       x5       - -        - -        - -       0.447       - - 
       x7       - -        - -        - -       0.455       - - 
       x9       - -        - -        - -       0.492       - - 
      x10       - -        - -        - -       0.538       - - 
      x12       - -        - -        - -       0.461       - - 
      x13       - -        - -        - -        - -       0.770
      x14       - -        - -        - -        - -       0.669
      x15       - -        - -        - -        - -       0.597

         PHI                                     

            JOB CONT   JOB PRED   TESTING    USABILIT   PREVIOUS   
            --------   --------   --------   --------   --------
 JOB CONT      1.366
 JOB PRED      0.628      0.976
 TESTING       0.274      0.126      0.792
 USABILIT      0.453      0.128      0.409      0.872
 PREVIOUS      0.160      0.015      0.267      0.450      1.124

 MULTIGROUP SAME PATTERN ASIA                                                   

 Common Metric Standardized Solution           

         LAMBDA-X    

            JOB CONT   JOB PRED   TESTING    USABILIT   PREVIOUS   
            --------   --------   --------   --------   --------
       x1      0.481       - -        - -        - -        - - 
       x3      0.654       - -        - -        - -        - - 
       x2       - -       0.736       - -        - -        - - 
       x4       - -       0.744       - -        - -        - - 
       x6       - -        - -       0.568       - -        - - 
       x8       - -        - -       0.747       - -        - - 
      x11       - -        - -       0.908       - -        - - 
       x5       - -        - -        - -       0.447       - - 
       x7       - -        - -        - -       0.531       - - 
       x9       - -        - -        - -       0.424       - - 
      x10       - -        - -        - -       0.584       - - 
      x12       - -        - -        - -       0.455       - - 
      x13       - -        - -        - -        - -       0.770
      x14       - -        - -        - -        - -       0.765
      x15       - -        - -        - -        - -       0.598

         PHI                                     

            JOB CONT   JOB PRED   TESTING    USABILIT   PREVIOUS   
            --------   --------   --------   --------   --------
 JOB CONT      0.606
 JOB PRED      0.529      1.026
 TESTING       0.282      0.133      1.224
 USABILIT      0.430      0.212      0.710      1.138
 PREVIOUS      0.214      0.151      0.130      0.389      0.866

                           Time used:    0.210 Seconds
