
                                DATE:  8/25/2007
                                  TIME: 11:38


                         LISREL 8.80 (STUDENT EDITION)

                                       BY

                         Karl G. J”reskog & Dag S”rbom



                    This program is published exclusively by
                    Scientific Software International, Inc.
                       7383 N. Lincoln Avenue, Suite 100
                        Lincolnwood, IL 60712, U.S.A. 
            Phone: (800)247-6113, (847)675-0720, Fax: (847)675-2140
        Copyright by Scientific Software International, Inc., 1981-2006 
          Use of this program is subject to the terms specified in the
                        Universal Copyright Convention.
                          Website: www.ssicentral.com

 The following lines were read from file C:\Documents and Settings\jbudden\Desktop\SIOP\ANALYSES\MULTIGROUP LATENT MEANS INVARIANT.LS8:

 MULTIGROUP LATENT MEAN LEVELS INVARIANT UNITED STATES
 DA NI=15 NO=361 MA=CM NG=2
 LA
 x1 x2 x3 x4 x5 x6 x7 x8 x9 x10 x11 x12 x13 x14 x15
 KM FU FI=USLISRELDATA.txt
 SD
 .755 .914 .864 .933 .648 .784 .712 1.015 .577 .868 1.159 .550 .890 .781 1.075
 ME
 4.22 3.39 3.84 3.43 4.51 4.27 4.53 4.13 4.63 4.38 3.99 4.64 4.37 4.46 3.95
 SE
 1 3 2 4 6 8 11 5 7 9 10 12 13 14 15 /
 MO NX=15 NK=5 LX=FU,FI TD=DI,FR PH=SY,FR TX=FI KA=FR
 LK
 'JOB CONTENT' 'JOB PREDICTIVE' 'TESTING ENVIRONMENT' 'USABILITY' 'PREVIOUS JOB SEARCH'
 PA LX
 0 0 0 0 0
 1 0 0 0 0
 0 0 0 0 0
 0 1 0 0 0
 0 0 0 0 0
 0 0 1 0 0
 0 0 1 0 0
 0 0 0 0 0
 0 0 0 1 0
 0 0 0 1 0
 0 0 0 1 0
 0 0 0 1 0
 0 0 0 0 0
 0 0 0 0 1
 0 0 0 0 1
 VA 1.0 LX(1,1) LX(3,2) LX(5,3) LX(8,4) LX(13,5)
 PATH DIAGRAM
 PA TX
 0 1 0 1 0 1 1 0 1 1 1 1 0 1 1
 OU ME=ML ND=3 SS

 MULTIGROUP LATENT MEAN LEVELS INVARIANT UNITED STATES                          

                           Number of Input Variables 15
                           Number of Y - Variables    0
                           Number of X - Variables   15
                           Number of ETA - Variables  0
                           Number of KSI - Variables  5
                           Number of Observations   361
                           Number of Groups           2
 MULTIGROUP LATENT MEAN LEVELS ASIA
 DA NI=15 NO=335 MA=CM
 LA
 x1 x2 x3 x4 x5 x6 x7 x8 x9 x10 x11 x12 x13 x14 x15
 KM FU FI=ASIALISRELDATA.txt
 SD
 .673 .915 .777 .951 .762 .914 1.010 1.045 .657 1.097 1.167 .753 .805 .846 1.139
 ME
 4.11 3.07 3.80 3.32 4.24 3.97 3.85 3.91 4.34 3.72 3.82 4.27 4.11 4.08 3.50
 SE
 1 3 2 4 6 8 11 5 7 9 10 12 13 14 15 /
 MO LX=IN TD=IN PH=IN TX=IN KA=IN
 LK
 'JOB CONTENT' 'JOB PREDICTIVE' 'TESTING ENVIRONMENT' 'USABILITY' 'PREVIOUS JOB SEARCH'
 OU

 MULTIGROUP LATENT MEAN LEVELS ASIA                                             

                           Number of Input Variables 15
                           Number of Y - Variables    0
                           Number of X - Variables   15
                           Number of ETA - Variables  0
                           Number of KSI - Variables  5
                           Number of Observations   335
                           Number of Groups           2

 MULTIGROUP LATENT MEAN LEVELS INVARIANT UNITED STATES                          

         Covariance Matrix       

                  x1         x3         x2         x4         x6         x8   
            --------   --------   --------   --------   --------   --------
       x1      0.570
       x3      0.294      0.746
       x2      0.213      0.221      0.835
       x4      0.176      0.294      0.521      0.870
       x6      0.103      0.047      0.061      0.039      0.615
       x8      0.168      0.039      0.090      0.075      0.466      1.030
      x11      0.179      0.105      0.139      0.138      0.436      0.856
       x5      0.137      0.079      0.076      0.066      0.164      0.178
       x7      0.162      0.098      0.032      0.041      0.188      0.267
       x9      0.081      0.016      0.003      0.025      0.166      0.180
      x10      0.160      0.100      0.131      0.104      0.281      0.254
      x12      0.130      0.077      0.049      0.043      0.158      0.179
      x13      0.066     -0.013     -0.015     -0.002      0.123      0.210
      x14      0.094      0.003      0.006      0.022      0.127      0.182
      x15      0.075      0.093      0.098      0.105      0.152      0.263

         Covariance Matrix       

                 x11         x5         x7         x9        x10        x12   
            --------   --------   --------   --------   --------   --------
      x11      1.343
       x5      0.131      0.420
       x7      0.247      0.197      0.507
       x9      0.137      0.196      0.182      0.333
      x10      0.303      0.188      0.204      0.247      0.753
      x12      0.160      0.177      0.169      0.204      0.207      0.303
      x13      0.191      0.115      0.165      0.186      0.148      0.156
      x14      0.150      0.123      0.156      0.156      0.119      0.158
      x15      0.308      0.084      0.143      0.122      0.130      0.131

         Covariance Matrix       

                 x13        x14        x15   
            --------   --------   --------
      x13      0.792
      x14      0.579      0.610
      x15      0.521      0.444      1.156

         Means   

                  x1         x3         x2         x4         x6         x8   
            --------   --------   --------   --------   --------   --------
               4.220      3.840      3.390      3.430      4.270      4.130

         Means   

                 x11         x5         x7         x9        x10        x12   
            --------   --------   --------   --------   --------   --------
               3.990      4.510      4.530      4.630      4.380      4.640

         Means   

                 x13        x14        x15   
            --------   --------   --------
               4.370      4.460      3.950

 MULTIGROUP LATENT MEAN LEVELS ASIA                                             

         Covariance Matrix       

                  x1         x3         x2         x4         x6         x8   
            --------   --------   --------   --------   --------   --------
       x1      0.453
       x3      0.190      0.604
       x2      0.179      0.260      0.837
       x4      0.163      0.280      0.562      0.904
       x6      0.043      0.154      0.024      0.048      0.835
       x8      0.094      0.175      0.092      0.130      0.501      1.092
      x11      0.038      0.204      0.053      0.099      0.623      0.845
       x5      0.157      0.147      0.094      0.108      0.249      0.172
       x7      0.091      0.122      0.120      0.121      0.245      0.292
       x9      0.113      0.112      0.075      0.078      0.157      0.190
      x10      0.127      0.089     -0.003      0.015      0.351      0.324
      x12      0.100      0.095      0.072      0.034      0.268      0.275
      x13      0.121      0.069      0.069      0.056      0.052      0.076
      x14      0.104      0.080      0.114      0.096      0.073      0.086
      x15      0.054      0.173      0.154      0.169      0.231      0.299

         Covariance Matrix       

                 x11         x5         x7         x9        x10        x12   
            --------   --------   --------   --------   --------   --------
      x11      1.362
       x5      0.192      0.581
       x7      0.288      0.286      1.020
       x9      0.213      0.228      0.290      0.432
      x10      0.498      0.213      0.411      0.302      1.203
      x12      0.373      0.243      0.230      0.197      0.316      0.567
      x13      0.034      0.203      0.102      0.147      0.102      0.139
      x14      0.079      0.148      0.079      0.131      0.087      0.146
      x15      0.327      0.129      0.191      0.113      0.147      0.162

         Covariance Matrix       

                 x13        x14        x15   
            --------   --------   --------
      x13      0.648
      x14      0.511      0.716
      x15      0.390      0.407      1.297

         Means   

                  x1         x3         x2         x4         x6         x8   
            --------   --------   --------   --------   --------   --------
               4.110      3.800      3.070      3.320      3.970      3.910

         Means   

                 x11         x5         x7         x9        x10        x12   
            --------   --------   --------   --------   --------   --------
               3.820      4.240      3.850      4.340      3.720      4.270

         Means   

                 x13        x14        x15   
            --------   --------   --------
               4.110      4.080      3.500


 MULTIGROUP LATENT MEAN LEVELS INVARIANT UNITED STATES                          

 Parameter Specifications

 LAMBDA-X EQUALS LAMBDA-X IN THE FOLLOWING GROUP

 PHI EQUALS PHI IN THE FOLLOWING GROUP

 THETA-DELTA EQUALS THETA-DELTA IN THE FOLLOWING GROUP

 TAU-X EQUALS TAU-X IN THE FOLLOWING GROUP

 KAPPA EQUALS KAPPA IN THE FOLLOWING GROUP


 MULTIGROUP LATENT MEAN LEVELS ASIA                                             

 Parameter Specifications

         LAMBDA-X    

            JOB CONT   JOB PRED   TESTING    USABILIT   PREVIOUS
            --------   --------   --------   --------   --------
       x1          0          0          0          0          0
       x3          1          0          0          0          0
       x2          0          0          0          0          0
       x4          0          2          0          0          0
       x6          0          0          0          0          0
       x8          0          0          3          0          0
      x11          0          0          4          0          0
       x5          0          0          0          0          0
       x7          0          0          0          5          0
       x9          0          0          0          6          0
      x10          0          0          0          7          0
      x12          0          0          0          8          0
      x13          0          0          0          0          0
      x14          0          0          0          0          9
      x15          0          0          0          0         10

         PHI         

            JOB CONT   JOB PRED   TESTING    USABILIT   PREVIOUS
            --------   --------   --------   --------   --------
 JOB CONT         11
 JOB PRED         12         13
 TESTING          14         15         16
 USABILIT         17         18         19         20
 PREVIOUS         21         22         23         24         25

         THETA-DELTA 

                  x1         x3         x2         x4         x6         x8
            --------   --------   --------   --------   --------   --------
                  26         27         28         29         30         31

         THETA-DELTA 

                 x11         x5         x7         x9        x10        x12
            --------   --------   --------   --------   --------   --------
                  32         33         34         35         36         37

         THETA-DELTA 

                 x13        x14        x15
            --------   --------   --------
                  38         39         40

         TAU-X       

                  x1         x3         x2         x4         x6         x8
            --------   --------   --------   --------   --------   --------
                   0         41          0         42          0         43

         TAU-X       

                 x11         x5         x7         x9        x10        x12
            --------   --------   --------   --------   --------   --------
                  44          0         45         46         47         48

         TAU-X       

                 x13        x14        x15
            --------   --------   --------
                   0         49         50

         KAPPA       

            JOB CONT   JOB PRED   TESTING    USABILIT   PREVIOUS
            --------   --------   --------   --------   --------
                  51         52         53         54         55
 


 MULTIGROUP LATENT MEAN LEVELS INVARIANT UNITED STATES                          

 Number of Iterations =  9

 LISREL Estimates (Maximum Likelihood)                           

 LAMBDA-X EQUALS LAMBDA-X IN THE FOLLOWING GROUP

 PHI EQUALS PHI IN THE FOLLOWING GROUP

 THETA-DELTA EQUALS THETA-DELTA IN THE FOLLOWING GROUP

 TAU-X EQUALS TAU-X IN THE FOLLOWING GROUP

 KAPPA EQUALS KAPPA IN THE FOLLOWING GROUP


                         Group Goodness of Fit Statistics

                       Contribution to Chi-Square = 450.226
                  Percentage Contribution to Chi-Square = 54.548
 
                     Root Mean Square Residual (RMR) = 0.0616
                            Standardized RMR = 0.0783
                       Goodness of Fit Index (GFI) = 0.884

 MULTIGROUP LATENT MEAN LEVELS INVARIANT UNITED STATES                          

 Within Group Standardized Solution           

         LAMBDA-X    

            JOB CONT   JOB PRED   TESTING    USABILIT   PREVIOUS   
            --------   --------   --------   --------   --------
       x1      0.469       - -        - -        - -        - - 
       x3      0.522       - -        - -        - -        - - 
       x2       - -       0.741       - -        - -        - - 
       x4       - -       0.741       - -        - -        - - 
       x6       - -        - -       0.582       - -        - - 
       x8       - -        - -       0.884       - -        - - 
      x11       - -        - -       0.953       - -        - - 
       x5       - -        - -        - -       0.465       - - 
       x7       - -        - -        - -       0.591       - - 
       x9       - -        - -        - -       0.474       - - 
      x10       - -        - -        - -       0.648       - - 
      x12       - -        - -        - -       0.488       - - 
      x13       - -        - -        - -        - -       0.765
      x14       - -        - -        - -        - -       0.745
      x15       - -        - -        - -        - -       0.637

         PHI                                     

            JOB CONT   JOB PRED   TESTING    USABILIT   PREVIOUS   
            --------   --------   --------   --------   --------
 JOB CONT      1.000
 JOB PRED      0.612      1.000
 TESTING       0.289      0.161      1.000
 USABILIT      0.449      0.215      0.563      1.000
 PREVIOUS      0.207      0.119      0.240      0.460      1.000


 MULTIGROUP LATENT MEAN LEVELS ASIA                                             

 Number of Iterations =  9

 LISREL Estimates (Maximum Likelihood)                           

         LAMBDA-X    

            JOB CONT   JOB PRED   TESTING    USABILIT   PREVIOUS   
            --------   --------   --------   --------   --------
       x1      1.000       - -        - -        - -        - - 
       x3      1.114       - -        - -        - -        - - 
             (0.113)
               9.819
       x2       - -       1.000       - -        - -        - - 
       x4       - -       1.000       - -        - -        - - 
                        (0.087)
                         11.439
       x6       - -        - -       1.000       - -        - - 
       x8       - -        - -       1.518       - -        - - 
                                   (0.085)
                                    17.827
      x11       - -        - -       1.637       - -        - - 
                                   (0.093)
                                    17.661
       x5       - -        - -        - -       1.000       - - 
       x7       - -        - -        - -       1.271       - - 
                                              (0.092)
                                               13.808
       x9       - -        - -        - -       1.018       - - 
                                              (0.065)
                                               15.607
      x10       - -        - -        - -       1.393       - - 
                                              (0.102)
                                               13.627
      x12       - -        - -        - -       1.049       - - 
                                              (0.069)
                                               15.156
      x13       - -        - -        - -        - -       1.000
      x14       - -        - -        - -        - -       0.973
                                                         (0.042)
                                                          23.248
      x15       - -        - -        - -        - -       0.833
                                                         (0.054)
                                                          15.417

         PHI         

            JOB CONT   JOB PRED   TESTING    USABILIT   PREVIOUS   
            --------   --------   --------   --------   --------
 JOB CONT      0.220
             (0.031)
               7.101
 JOB PRED      0.213      0.549
             (0.025)    (0.062)
               8.434      8.910
 TESTING       0.079      0.070      0.339
             (0.016)    (0.021)    (0.036)
               4.974      3.335      9.390
 USABILIT      0.098      0.074      0.153      0.217
             (0.014)    (0.017)    (0.017)    (0.025)
               6.915      4.271      9.113      8.821
 PREVIOUS      0.074      0.068      0.107      0.164      0.586
             (0.019)    (0.026)    (0.021)    (0.019)    (0.044)
               3.809      2.573      5.206      8.628     13.368

         THETA-DELTA 

                  x1         x3         x2         x4         x6         x8   
            --------   --------   --------   --------   --------   --------
               0.297      0.405      0.312      0.340      0.404      0.291
             (0.026)    (0.034)    (0.047)    (0.048)    (0.026)    (0.032)
              11.234     11.921      6.624      7.123     15.819      9.081

         THETA-DELTA 

                 x11         x5         x7         x9        x10        x12   
            --------   --------   --------   --------   --------   --------
               0.451      0.299      0.520      0.177      0.659      0.226
             (0.041)    (0.019)    (0.032)    (0.013)    (0.041)    (0.015)
              11.040     15.933     16.126     13.871     16.261     14.673

         THETA-DELTA 

                 x13        x14        x15   
            --------   --------   --------
               0.154      0.142      0.868
             (0.022)    (0.021)    (0.049)
               7.034      6.892     17.561

         Squared Multiple Correlations for X - Variables         

                  x1         x3         x2         x4         x6         x8   
            --------   --------   --------   --------   --------   --------
               0.426      0.402      0.637      0.618      0.456      0.729

         Squared Multiple Correlations for X - Variables         

                 x11         x5         x7         x9        x10        x12   
            --------   --------   --------   --------   --------   --------
               0.668      0.420      0.402      0.559      0.389      0.514

         Squared Multiple Correlations for X - Variables         

                 x13        x14        x15   
            --------   --------   --------
               0.792      0.796      0.319

         TAU-X       

                  x1         x3         x2         x4         x6         x8   
            --------   --------   --------   --------   --------   --------
                - -      -0.820       - -       0.140       - -      -2.238
                        (0.474)               (0.285)               (0.354)
                         -1.731                 0.492                -6.326

         TAU-X       

                 x11         x5         x7         x9        x10        x12   
            --------   --------   --------   --------   --------   --------
              -2.846       - -      -1.364      0.030     -2.038     -0.133
             (0.385)               (0.405)    (0.287)    (0.450)    (0.305)
              -7.387                -3.369      0.105     -4.532     -0.437

         TAU-X       

                 x13        x14        x15   
            --------   --------   --------
                - -       0.147      0.197
                        (0.179)    (0.232)
                          0.820      0.850

         KAPPA       

            JOB CONT   JOB PRED   TESTING    USABILIT   PREVIOUS   
            --------   --------   --------   --------   --------
               4.167      3.236      4.126      4.380      4.245
             (0.027)    (0.035)    (0.033)    (0.027)    (0.033)
             152.719     91.828    126.058    160.717    130.027


                        Global Goodness of Fit Statistics

                             Degrees of Freedom = 215
               Minimum Fit Function Chi-Square = 825.383 (P = 0.0)
       Normal Theory Weighted Least Squares Chi-Square = 817.478 (P = 0.0)
                Estimated Non-centrality Parameter (NCP) = 602.478
           90 Percent Confidence Interval for NCP = (518.568 ; 693.951)
 
                        Minimum Fit Function Value = 1.189
                Population Discrepancy Function Value (F0) = 0.868
              90 Percent Confidence Interval for F0 = (0.747 ; 1.00)
             Root Mean Square Error of Approximation (RMSEA) = 0.0899
           90 Percent Confidence Interval for RMSEA = (0.0834 ; 0.0964)
               P-Value for Test of Close Fit (RMSEA < 0.05) = 0.000
 
                  Expected Cross-Validation Index (ECVI) = 1.336
            90 Percent Confidence Interval for ECVI = (1.172 ; 1.425)
                         ECVI for Saturated Model = 0.346
                       ECVI for Independence Model = 8.483
 
     Chi-Square for Independence Model with 210 Degrees of Freedom = 5857.408
                           Independence AIC = 5917.408
                               Model AIC = 927.478
                             Saturated AIC = 480.000
                           Independence CAIC = 6083.769
                              Model CAIC = 1232.472
                            Saturated CAIC = 1810.884
 
                          Normed Fit Index (NFI) = 0.859
                       Non-Normed Fit Index (NNFI) = 0.894
                    Parsimony Normed Fit Index (PNFI) = 0.880
                       Comparative Fit Index (CFI) = 0.892
                       Incremental Fit Index (IFI) = 0.892
                         Relative Fit Index (RFI) = 0.862
 
                            Critical N (CN) = 224.793
 


                         Group Goodness of Fit Statistics

                       Contribution to Chi-Square = 375.157
                  Percentage Contribution to Chi-Square = 45.452
 
                     Root Mean Square Residual (RMR) = 0.0764
                            Standardized RMR = 0.0925
                       Goodness of Fit Index (GFI) = 0.888

 MULTIGROUP LATENT MEAN LEVELS ASIA                                             

 Within Group Standardized Solution           

         LAMBDA-X    

            JOB CONT   JOB PRED   TESTING    USABILIT   PREVIOUS   
            --------   --------   --------   --------   --------
       x1      0.469       - -        - -        - -        - - 
       x3      0.522       - -        - -        - -        - - 
       x2       - -       0.741       - -        - -        - - 
       x4       - -       0.741       - -        - -        - - 
       x6       - -        - -       0.582       - -        - - 
       x8       - -        - -       0.884       - -        - - 
      x11       - -        - -       0.953       - -        - - 
       x5       - -        - -        - -       0.465       - - 
       x7       - -        - -        - -       0.591       - - 
       x9       - -        - -        - -       0.474       - - 
      x10       - -        - -        - -       0.648       - - 
      x12       - -        - -        - -       0.488       - - 
      x13       - -        - -        - -        - -       0.765
      x14       - -        - -        - -        - -       0.745
      x15       - -        - -        - -        - -       0.637

         PHI                                     

            JOB CONT   JOB PRED   TESTING    USABILIT   PREVIOUS   
            --------   --------   --------   --------   --------
 JOB CONT      1.000
 JOB PRED      0.612      1.000
 TESTING       0.289      0.161      1.000
 USABILIT      0.449      0.215      0.563      1.000
 PREVIOUS      0.207      0.119      0.240      0.460      1.000

 MULTIGROUP LATENT MEAN LEVELS INVARIANT UNITED STATES                          

 Common Metric Standardized Solution           

         LAMBDA-X    

            JOB CONT   JOB PRED   TESTING    USABILIT   PREVIOUS   
            --------   --------   --------   --------   --------
       x1      0.469       - -        - -        - -        - - 
       x3      0.522       - -        - -        - -        - - 
       x2       - -       0.741       - -        - -        - - 
       x4       - -       0.741       - -        - -        - - 
       x6       - -        - -       0.582       - -        - - 
       x8       - -        - -       0.884       - -        - - 
      x11       - -        - -       0.953       - -        - - 
       x5       - -        - -        - -       0.465       - - 
       x7       - -        - -        - -       0.591       - - 
       x9       - -        - -        - -       0.474       - - 
      x10       - -        - -        - -       0.648       - - 
      x12       - -        - -        - -       0.488       - - 
      x13       - -        - -        - -        - -       0.765
      x14       - -        - -        - -        - -       0.745
      x15       - -        - -        - -        - -       0.637

         PHI                                     

            JOB CONT   JOB PRED   TESTING    USABILIT   PREVIOUS   
            --------   --------   --------   --------   --------
 JOB CONT      1.000
 JOB PRED      0.612      1.000
 TESTING       0.289      0.161      1.000
 USABILIT      0.449      0.215      0.563      1.000
 PREVIOUS      0.207      0.119      0.240      0.460      1.000

 MULTIGROUP LATENT MEAN LEVELS ASIA                                             

 Common Metric Standardized Solution           

         LAMBDA-X    

            JOB CONT   JOB PRED   TESTING    USABILIT   PREVIOUS   
            --------   --------   --------   --------   --------
       x1      0.469       - -        - -        - -        - - 
       x3      0.522       - -        - -        - -        - - 
       x2       - -       0.741       - -        - -        - - 
       x4       - -       0.741       - -        - -        - - 
       x6       - -        - -       0.582       - -        - - 
       x8       - -        - -       0.884       - -        - - 
      x11       - -        - -       0.953       - -        - - 
       x5       - -        - -        - -       0.465       - - 
       x7       - -        - -        - -       0.591       - - 
       x9       - -        - -        - -       0.474       - - 
      x10       - -        - -        - -       0.648       - - 
      x12       - -        - -        - -       0.488       - - 
      x13       - -        - -        - -        - -       0.765
      x14       - -        - -        - -        - -       0.745
      x15       - -        - -        - -        - -       0.637

         PHI                                     

            JOB CONT   JOB PRED   TESTING    USABILIT   PREVIOUS   
            --------   --------   --------   --------   --------
 JOB CONT      1.000
 JOB PRED      0.612      1.000
 TESTING       0.289      0.161      1.000
 USABILIT      0.449      0.215      0.563      1.000
 PREVIOUS      0.207      0.119      0.240      0.460      1.000

                           Time used:    0.250 Seconds
