
                                DATE:  8/ 9/2007
                                  TIME: 13:39


                         LISREL 8.80 (STUDENT EDITION)

                                       BY

                         Karl G. J”reskog & Dag S”rbom



                    This program is published exclusively by
                    Scientific Software International, Inc.
                       7383 N. Lincoln Avenue, Suite 100
                        Lincolnwood, IL 60712, U.S.A. 
            Phone: (800)247-6113, (847)675-0720, Fax: (847)675-2140
        Copyright by Scientific Software International, Inc., 1981-2006 
          Use of this program is subject to the terms specified in the
                        Universal Copyright Convention.
                          Website: www.ssicentral.com

 The following lines were read from file C:\Documents and Settings\jbudden\Desktop\SIOP\ANALYSES\ONE FACTOR UNITED STATES.LS8:

 CFA
 DA NI=15 NO=361 MA=CM
 LA
 x1 x2 x3 x4 x5 x6 x7 x8 x9 x10 x11 x12 x13 x14 x15
 KM FU FI=USLISRELDATA.txt
 SD
 .755 .914 .864 .933 .648 .784 .712 1.015 .577 .868 1.159 .550 .890 .781 1.075
 SE
 1 2 3 4 6 8 11 5 7 9 10 12 13 14 15 /
 MO NX=15 NK=1 LX=FU,FR TD=DI,FR PH=SY,FR
 LK
 'ONE FACTOR'
 PA LX
 0
 1
 1
 1
 1
 1
 1
 1
 1
 1
 1
 1
 1
 1
 1
 VA 1.0 LX(1,1)
 PATH DIAGRAM
 OU ME=ML ND=3 SS

 CFA                                                                            

                           Number of Input Variables 15
                           Number of Y - Variables    0
                           Number of X - Variables   15
                           Number of ETA - Variables  0
                           Number of KSI - Variables  1
                           Number of Observations   361

 CFA                                                                            

         Covariance Matrix       

                  x1         x2         x3         x4         x6         x8   
            --------   --------   --------   --------   --------   --------
       x1      0.570
       x2      0.213      0.835
       x3      0.294      0.221      0.746
       x4      0.176      0.521      0.294      0.870
       x6      0.103      0.061      0.047      0.039      0.615
       x8      0.168      0.090      0.039      0.075      0.466      1.030
      x11      0.179      0.139      0.105      0.138      0.436      0.856
       x5      0.137      0.076      0.079      0.066      0.164      0.178
       x7      0.162      0.032      0.098      0.041      0.188      0.267
       x9      0.081      0.003      0.016      0.025      0.166      0.180
      x10      0.160      0.131      0.100      0.104      0.281      0.254
      x12      0.130      0.049      0.077      0.043      0.158      0.179
      x13      0.066     -0.015     -0.013     -0.002      0.123      0.210
      x14      0.094      0.006      0.003      0.022      0.127      0.182
      x15      0.075      0.098      0.093      0.105      0.152      0.263

         Covariance Matrix       

                 x11         x5         x7         x9        x10        x12   
            --------   --------   --------   --------   --------   --------
      x11      1.343
       x5      0.131      0.420
       x7      0.247      0.197      0.507
       x9      0.137      0.196      0.182      0.333
      x10      0.303      0.188      0.204      0.247      0.753
      x12      0.160      0.177      0.169      0.204      0.207      0.303
      x13      0.191      0.115      0.165      0.186      0.148      0.156
      x14      0.150      0.123      0.156      0.156      0.119      0.158
      x15      0.308      0.084      0.143      0.122      0.130      0.131

         Covariance Matrix       

                 x13        x14        x15   
            --------   --------   --------
      x13      0.792
      x14      0.579      0.610
      x15      0.521      0.444      1.156


 CFA                                                                            

 Parameter Specifications

         LAMBDA-X    

            ONE FACT
            --------
       x1          0
       x2          1
       x3          2
       x4          3
       x6          4
       x8          5
      x11          6
       x5          7
       x7          8
       x9          9
      x10         10
      x12         11
      x13         12
      x14         13
      x15         14

         PHI         

            ONE FACT
            --------
                  15

         THETA-DELTA 

                  x1         x2         x3         x4         x6         x8
            --------   --------   --------   --------   --------   --------
                  16         17         18         19         20         21

         THETA-DELTA 

                 x11         x5         x7         x9        x10        x12
            --------   --------   --------   --------   --------   --------
                  22         23         24         25         26         27

         THETA-DELTA 

                 x13        x14        x15
            --------   --------   --------
                  28         29         30
 


 CFA                                                                            

 Number of Iterations = 23

 LISREL Estimates (Maximum Likelihood)                           

         LAMBDA-X    

            ONE FACT   
            --------
       x1      1.000
       x2      0.523
             (0.186)
               2.807
       x3      0.570
             (0.179)
               3.177
       x4      0.522
             (0.190)
               2.750
       x6      1.547
             (0.241)
               6.424
       x8      2.000
             (0.312)
               6.421
      x11      1.959
             (0.326)
               6.015
       x5      1.301
             (0.201)
               6.468
       x7      1.454
             (0.223)
               6.509
       x9      1.380
             (0.201)
               6.859
      x10      1.684
             (0.264)
               6.381
      x12      1.336
             (0.194)
               6.890
      x13      1.507
             (0.250)
               6.019
      x14      1.378
             (0.225)
               6.133
      x15      1.436
             (0.270)
               5.318

         PHI         

            ONE FACT   
            --------
               0.088
             (0.024)
               3.608

         THETA-DELTA 

                  x1         x2         x3         x4         x6         x8   
            --------   --------   --------   --------   --------   --------
               0.482      0.811      0.718      0.847      0.405      0.679
             (0.037)    (0.061)    (0.054)    (0.063)    (0.033)    (0.055)
              13.025     13.353     13.331     13.356     12.296     12.300

         THETA-DELTA 

                 x11         x5         x7         x9        x10        x12   
            --------   --------   --------   --------   --------   --------
               1.006      0.271      0.321      0.166      0.505      0.146
             (0.079)    (0.022)    (0.026)    (0.015)    (0.041)    (0.013)
              12.696     12.233     12.169     11.233     12.353     11.089

         THETA-DELTA 

                 x13        x14        x15   
            --------   --------   --------
               0.593      0.443      0.975
             (0.047)    (0.035)    (0.075)
              12.692     12.606     13.017

         Squared Multiple Correlations for X - Variables         

                  x1         x2         x3         x4         x6         x8   
            --------   --------   --------   --------   --------   --------
               0.154      0.029      0.038      0.027      0.342      0.341

         Squared Multiple Correlations for X - Variables         

                 x11         x5         x7         x9        x10        x12   
            --------   --------   --------   --------   --------   --------
               0.251      0.354      0.366      0.502      0.330      0.518

         Squared Multiple Correlations for X - Variables         

                 x13        x14        x15   
            --------   --------   --------
               0.252      0.273      0.157


                           Goodness of Fit Statistics

                             Degrees of Freedom = 90
               Minimum Fit Function Chi-Square = 1160.803 (P = 0.0)
       Normal Theory Weighted Least Squares Chi-Square = 1186.104 (P = 0.0)
               Estimated Non-centrality Parameter (NCP) = 1096.104
          90 Percent Confidence Interval for NCP = (988.648 ; 1210.980)
 
                        Minimum Fit Function Value = 3.224
                Population Discrepancy Function Value (F0) = 3.045
             90 Percent Confidence Interval for F0 = (2.746 ; 3.364)
             Root Mean Square Error of Approximation (RMSEA) = 0.184
            90 Percent Confidence Interval for RMSEA = (0.175 ; 0.193)
               P-Value for Test of Close Fit (RMSEA < 0.05) = 0.000
 
                  Expected Cross-Validation Index (ECVI) = 3.461
            90 Percent Confidence Interval for ECVI = (3.163 ; 3.781)
                         ECVI for Saturated Model = 0.667
                       ECVI for Independence Model = 9.193
 
     Chi-Square for Independence Model with 105 Degrees of Freedom = 3279.581
                           Independence AIC = 3309.581
                               Model AIC = 1246.104
                             Saturated AIC = 240.000
                           Independence CAIC = 3382.914
                              Model CAIC = 1392.770
                             Saturated CAIC = 826.665
 
                          Normed Fit Index (NFI) = 0.646
                       Non-Normed Fit Index (NNFI) = 0.606
                    Parsimony Normed Fit Index (PNFI) = 0.554
                       Comparative Fit Index (CFI) = 0.663
                       Incremental Fit Index (IFI) = 0.664
                         Relative Fit Index (RFI) = 0.587
 
                             Critical N (CN) = 39.493
 
 
                     Root Mean Square Residual (RMR) = 0.105
                             Standardized RMR = 0.129
                       Goodness of Fit Index (GFI) = 0.695
                  Adjusted Goodness of Fit Index (AGFI) = 0.593
                  Parsimony Goodness of Fit Index (PGFI) = 0.521

 CFA                                                                            

 Standardized Solution           

         LAMBDA-X    

            ONE FACT   
            --------
       x1      0.296
       x2      0.155
       x3      0.169
       x4      0.155
       x6      0.458
       x8      0.593
      x11      0.580
       x5      0.386
       x7      0.431
       x9      0.409
      x10      0.499
      x12      0.396
      x13      0.446
      x14      0.408
      x15      0.425

         PHI                                     

            ONE FACT   
            --------
               1.000

                           Time used:    0.120 Seconds
